0 info it worked if it ends with ok
1 verbose cli [ '/usr/bin/node', '/usr/bin/npm', 'install', 'zlib' ]
2 info using npm@3.10.10
3 info using node@v6.11.3
4 silly loadCurrentTree Starting
5 silly install loadCurrentTree
6 silly install readLocalPackageData
7 silly fetchPackageMetaData zlib
8 silly fetchNamedPackageData zlib
9 silly mapToRegistry name zlib
10 silly mapToRegistry using default registry
11 silly mapToRegistry registry https://registry.npmjs.org/
12 silly mapToRegistry data Result {
12 silly mapToRegistry   raw: 'zlib',
12 silly mapToRegistry   scope: null,
12 silly mapToRegistry   escapedName: 'zlib',
12 silly mapToRegistry   name: 'zlib',
12 silly mapToRegistry   rawSpec: '',
12 silly mapToRegistry   spec: 'latest',
12 silly mapToRegistry   type: 'tag' }
13 silly mapToRegistry uri https://registry.npmjs.org/zlib
14 verbose request uri https://registry.npmjs.org/zlib
15 verbose request no auth needed
16 info attempt registry request try #1 at 8:58:35 PM
17 verbose request id ca67eb0403ed5fae
18 http request GET https://registry.npmjs.org/zlib
19 http 200 https://registry.npmjs.org/zlib
20 verbose headers { server: 'nginx/1.10.1',
20 verbose headers   'content-type': 'application/json',
20 verbose headers   'last-modified': 'Sat, 23 Sep 2017 01:17:23 GMT',
20 verbose headers   etag: 'W/"59c5b623-1843"',
20 verbose headers   'content-encoding': 'gzip',
20 verbose headers   'cache-control': 'max-age=300',
20 verbose headers   'content-length': '1370',
20 verbose headers   'accept-ranges': 'bytes',
20 verbose headers   date: 'Mon, 02 Oct 2017 00:58:35 GMT',
20 verbose headers   via: '1.1 varnish',
20 verbose headers   age: '0',
20 verbose headers   connection: 'keep-alive',
20 verbose headers   'x-served-by': 'cache-jfk8145-JFK',
20 verbose headers   'x-cache': 'MISS',
20 verbose headers   'x-cache-hits': '0',
20 verbose headers   'x-timer': 'S1506905915.429008,VS0,VE71',
20 verbose headers   vary: 'Accept-Encoding, Accept' }
21 silly get cb [ 200,
21 silly get   { server: 'nginx/1.10.1',
21 silly get     'content-type': 'application/json',
21 silly get     'last-modified': 'Sat, 23 Sep 2017 01:17:23 GMT',
21 silly get     etag: 'W/"59c5b623-1843"',
21 silly get     'content-encoding': 'gzip',
21 silly get     'cache-control': 'max-age=300',
21 silly get     'content-length': '1370',
21 silly get     'accept-ranges': 'bytes',
21 silly get     date: 'Mon, 02 Oct 2017 00:58:35 GMT',
21 silly get     via: '1.1 varnish',
21 silly get     age: '0',
21 silly get     connection: 'keep-alive',
21 silly get     'x-served-by': 'cache-jfk8145-JFK',
21 silly get     'x-cache': 'MISS',
21 silly get     'x-cache-hits': '0',
21 silly get     'x-timer': 'S1506905915.429008,VS0,VE71',
21 silly get     vary: 'Accept-Encoding, Accept' } ]
22 verbose get saving zlib to /home/frybin/.npm/registry.npmjs.org/zlib/.cache.json
23 verbose correctMkdir /home/frybin/.npm correctMkdir not in flight; initializing
24 silly install normalizeTree
25 silly loadCurrentTree Finishing
26 silly loadIdealTree Starting
27 silly install loadIdealTree
28 silly cloneCurrentTree Starting
29 silly install cloneCurrentTreeToIdealTree
30 silly cloneCurrentTree Finishing
31 silly loadShrinkwrap Starting
32 silly install loadShrinkwrap
33 silly loadShrinkwrap Finishing
34 silly loadAllDepsIntoIdealTree Starting
35 silly install loadAllDepsIntoIdealTree
36 silly resolveWithNewModule zlib@1.0.5 checking installable status
37 silly cache add args [ 'zlib', null ]
38 verbose cache add spec zlib
39 silly cache add parsed spec Result {
39 silly cache add   raw: 'zlib',
39 silly cache add   scope: null,
39 silly cache add   escapedName: 'zlib',
39 silly cache add   name: 'zlib',
39 silly cache add   rawSpec: '',
39 silly cache add   spec: 'latest',
39 silly cache add   type: 'tag' }
40 silly addNamed zlib@latest
41 verbose addNamed "latest" is being treated as a dist-tag for zlib
42 info addNameTag [ 'zlib', 'latest' ]
43 silly mapToRegistry name zlib
44 silly mapToRegistry using default registry
45 silly mapToRegistry registry https://registry.npmjs.org/
46 silly mapToRegistry data Result {
46 silly mapToRegistry   raw: 'zlib',
46 silly mapToRegistry   scope: null,
46 silly mapToRegistry   escapedName: 'zlib',
46 silly mapToRegistry   name: 'zlib',
46 silly mapToRegistry   rawSpec: '',
46 silly mapToRegistry   spec: 'latest',
46 silly mapToRegistry   type: 'tag' }
47 silly mapToRegistry uri https://registry.npmjs.org/zlib
48 verbose addNameTag registry:https://registry.npmjs.org/zlib not in flight; fetching
49 verbose get https://registry.npmjs.org/zlib not expired, no request
50 silly addNameTag next cb for zlib with tag latest
51 silly addNamed zlib@1.0.5
52 verbose addNamed "1.0.5" is a plain semver version for zlib
53 silly mapToRegistry name zlib
54 silly mapToRegistry using default registry
55 silly mapToRegistry registry https://registry.npmjs.org/
56 silly mapToRegistry data Result {
56 silly mapToRegistry   raw: 'zlib',
56 silly mapToRegistry   scope: null,
56 silly mapToRegistry   escapedName: 'zlib',
56 silly mapToRegistry   name: 'zlib',
56 silly mapToRegistry   rawSpec: '',
56 silly mapToRegistry   spec: 'latest',
56 silly mapToRegistry   type: 'tag' }
57 silly mapToRegistry uri https://registry.npmjs.org/zlib
58 verbose addRemoteTarball https://registry.npmjs.org/zlib/-/zlib-1.0.5.tgz not in flight; adding
59 verbose addRemoteTarball [ 'https://registry.npmjs.org/zlib/-/zlib-1.0.5.tgz',
59 verbose addRemoteTarball   '6e7c972fc371c645a6afb03ab14769def114fcc0' ]
60 info retry fetch attempt 1 at 8:58:35 PM
61 info attempt registry request try #1 at 8:58:35 PM
62 http fetch GET https://registry.npmjs.org/zlib/-/zlib-1.0.5.tgz
63 http fetch 200 https://registry.npmjs.org/zlib/-/zlib-1.0.5.tgz
64 silly fetchAndShaCheck shasum 6e7c972fc371c645a6afb03ab14769def114fcc0
65 verbose addTmpTarball /tmp/npm-11692-82294883/registry.npmjs.org/zlib/-/zlib-1.0.5.tgz not in flight; adding
66 verbose addTmpTarball already have metadata; skipping unpack for zlib@1.0.5
67 verbose correctMkdir /home/frybin/.npm correctMkdir not in flight; initializing
68 silly cache afterAdd zlib@1.0.5
69 verbose afterAdd /home/frybin/.npm/zlib/1.0.5/package/package.json not in flight; writing
70 verbose correctMkdir /home/frybin/.npm correctMkdir not in flight; initializing
71 verbose afterAdd /home/frybin/.npm/zlib/1.0.5/package/package.json written
72 silly loadAllDepsIntoIdealTree Finishing
73 silly loadIdealTree Finishing
74 silly currentTree reader@0.0.1
74 silly currentTree ├── @types/form-data@2.2.0
74 silly currentTree ├── @types/node-feedparser@2.2.0
74 silly currentTree ├── @types/node@8.0.31
74 silly currentTree ├── @types/request@0.0.45
74 silly currentTree ├── @types/sax@1.0.0
74 silly currentTree ├── abbrev@1.1.1
74 silly currentTree ├── addressparser@1.0.1
74 silly currentTree ├── ajv@5.2.3
74 silly currentTree ├── alexa-sdk@1.0.14
74 silly currentTree ├── ansi-regex@2.1.1
74 silly currentTree ├── aproba@1.2.0
74 silly currentTree ├── are-we-there-yet@1.1.4
74 silly currentTree ├── array-indexofobject@0.0.1
74 silly currentTree ├── asn1@0.2.3
74 silly currentTree ├── assert-plus@1.0.0
74 silly currentTree ├── asynckit@0.4.0
74 silly currentTree ├─┬ aws-sdk@2.125.0
74 silly currentTree │ └── sax@1.2.1
74 silly currentTree ├── aws-sign2@0.7.0
74 silly currentTree ├── aws4@1.6.0
74 silly currentTree ├── balanced-match@1.0.0
74 silly currentTree ├── base64-js@1.2.1
74 silly currentTree ├── bcrypt-pbkdf@1.0.1
74 silly currentTree ├── block-stream@0.0.9
74 silly currentTree ├── boom@4.3.1
74 silly currentTree ├── brace-expansion@1.1.8
74 silly currentTree ├── buffer@4.9.1
74 silly currentTree ├── caseless@0.12.0
74 silly currentTree ├── co@4.6.0
74 silly currentTree ├── code-point-at@1.1.0
74 silly currentTree ├── combined-stream@1.0.5
74 silly currentTree ├── concat-map@0.0.1
74 silly currentTree ├── console-control-strings@1.1.0
74 silly currentTree ├── core-util-is@1.0.2
74 silly currentTree ├─┬ cryptiles@3.1.2
74 silly currentTree │ └── boom@5.2.0
74 silly currentTree ├── crypto-browserify@1.0.9
74 silly currentTree ├── dashdash@1.14.1
74 silly currentTree ├── delayed-stream@1.0.0
74 silly currentTree ├── delegates@1.0.0
74 silly currentTree ├── ecc-jsbn@0.1.1
74 silly currentTree ├── events@1.1.1
74 silly currentTree ├── extend@3.0.1
74 silly currentTree ├── extsprintf@1.3.0
74 silly currentTree ├── fast-deep-equal@1.0.0
74 silly currentTree ├── feedparser-promised@1.4.2
74 silly currentTree ├── feedparser@2.2.1
74 silly currentTree ├── forever-agent@0.6.1
74 silly currentTree ├── form-data@2.3.1
74 silly currentTree ├── fs.realpath@1.0.0
74 silly currentTree ├── fstream@1.0.11
74 silly currentTree ├── gauge@2.7.4
74 silly currentTree ├── getpass@0.1.7
74 silly currentTree ├── glob@7.1.2
74 silly currentTree ├── graceful-fs@4.1.11
74 silly currentTree ├── har-schema@2.0.0
74 silly currentTree ├── har-validator@5.0.3
74 silly currentTree ├── has-unicode@2.0.1
74 silly currentTree ├── hawk@6.0.2
74 silly currentTree ├── hoek@4.2.0
74 silly currentTree ├── http-signature@1.2.0
74 silly currentTree ├── i18next-sprintf-postprocessor@0.2.2
74 silly currentTree ├── i18next@3.5.2
74 silly currentTree ├── iconv@2.3.0
74 silly currentTree ├── ieee754@1.1.8
74 silly currentTree ├── inflight@1.0.6
74 silly currentTree ├── inherits@2.0.3
74 silly currentTree ├── is-fullwidth-code-point@1.0.0
74 silly currentTree ├── is-typedarray@1.0.0
74 silly currentTree ├── isarray@1.0.0
74 silly currentTree ├── isexe@2.0.0
74 silly currentTree ├── isstream@0.1.2
74 silly currentTree ├── jmespath@0.15.0
74 silly currentTree ├── jsbn@0.1.1
74 silly currentTree ├── json-schema-traverse@0.3.1
74 silly currentTree ├── json-schema@0.2.3
74 silly currentTree ├── json-stable-stringify@1.0.1
74 silly currentTree ├── json-stringify-safe@5.0.1
74 silly currentTree ├── jsonify@0.0.0
74 silly currentTree ├── jsprim@1.4.1
74 silly currentTree ├── lodash.assign@4.2.0
74 silly currentTree ├── lodash.get@4.4.2
74 silly currentTree ├── lodash.has@4.5.2
74 silly currentTree ├── lodash.uniq@4.5.0
74 silly currentTree ├── lodash@4.17.4
74 silly currentTree ├── mime-db@1.30.0
74 silly currentTree ├── mime-types@2.1.17
74 silly currentTree ├── minimatch@3.0.4
74 silly currentTree ├── minimist@0.0.8
74 silly currentTree ├── mkdirp@0.5.1
74 silly currentTree ├── nan@2.7.0
74 silly currentTree ├── node-gyp@3.6.2
74 silly currentTree ├── nopt@3.0.6
74 silly currentTree ├── npmlog@4.1.2
74 silly currentTree ├── number-is-nan@1.0.1
74 silly currentTree ├── oauth-sign@0.8.2
74 silly currentTree ├── object-assign@4.1.1
74 silly currentTree ├── once@1.4.0
74 silly currentTree ├── os-homedir@1.0.2
74 silly currentTree ├── os-tmpdir@1.0.2
74 silly currentTree ├── osenv@0.1.4
74 silly currentTree ├── path-is-absolute@1.0.1
74 silly currentTree ├── performance-now@2.1.0
74 silly currentTree ├── process-nextick-args@1.0.7
74 silly currentTree ├── punycode@1.3.2
74 silly currentTree ├── qs@6.5.1
74 silly currentTree ├── querystring@0.2.0
74 silly currentTree ├── readable-stream@2.3.3
74 silly currentTree ├─┬ request@2.83.0
74 silly currentTree │ └── uuid@3.1.0
74 silly currentTree ├── rimraf@2.6.2
74 silly currentTree ├── safe-buffer@5.1.1
74 silly currentTree ├── sax@1.2.3
74 silly currentTree ├── semver@5.3.0
74 silly currentTree ├── set-blocking@2.0.0
74 silly currentTree ├── signal-exit@3.0.2
74 silly currentTree ├── sntp@2.0.2
74 silly currentTree ├── sshpk@1.13.1
74 silly currentTree ├── string_decoder@1.0.3
74 silly currentTree ├── string-width@1.0.2
74 silly currentTree ├── stringstream@0.0.5
74 silly currentTree ├── strip-ansi@3.0.1
74 silly currentTree ├── tar@2.2.1
74 silly currentTree ├─┬ tough-cookie@2.3.3
74 silly currentTree │ └── punycode@1.4.1
74 silly currentTree ├── tunnel-agent@0.6.0
74 silly currentTree ├── tweetnacl@0.14.5
74 silly currentTree ├── url@0.10.3
74 silly currentTree ├── util-deprecate@1.0.2
74 silly currentTree ├── uuid@3.0.1
74 silly currentTree ├── verror@1.10.0
74 silly currentTree ├── which@1.3.0
74 silly currentTree ├── wide-align@1.1.2
74 silly currentTree ├── wrappy@1.0.2
74 silly currentTree ├── xml2js@0.4.17
74 silly currentTree └── xmlbuilder@4.2.1
75 silly idealTree reader@0.0.1
75 silly idealTree ├── @types/form-data@2.2.0
75 silly idealTree ├── @types/node-feedparser@2.2.0
75 silly idealTree ├── @types/node@8.0.31
75 silly idealTree ├── @types/request@0.0.45
75 silly idealTree ├── @types/sax@1.0.0
75 silly idealTree ├── abbrev@1.1.1
75 silly idealTree ├── addressparser@1.0.1
75 silly idealTree ├── ajv@5.2.3
75 silly idealTree ├── alexa-sdk@1.0.14
75 silly idealTree ├── ansi-regex@2.1.1
75 silly idealTree ├── aproba@1.2.0
75 silly idealTree ├── are-we-there-yet@1.1.4
75 silly idealTree ├── array-indexofobject@0.0.1
75 silly idealTree ├── asn1@0.2.3
75 silly idealTree ├── assert-plus@1.0.0
75 silly idealTree ├── asynckit@0.4.0
75 silly idealTree ├─┬ aws-sdk@2.125.0
75 silly idealTree │ └── sax@1.2.1
75 silly idealTree ├── aws-sign2@0.7.0
75 silly idealTree ├── aws4@1.6.0
75 silly idealTree ├── balanced-match@1.0.0
75 silly idealTree ├── base64-js@1.2.1
75 silly idealTree ├── bcrypt-pbkdf@1.0.1
75 silly idealTree ├── block-stream@0.0.9
75 silly idealTree ├── boom@4.3.1
75 silly idealTree ├── brace-expansion@1.1.8
75 silly idealTree ├── buffer@4.9.1
75 silly idealTree ├── caseless@0.12.0
75 silly idealTree ├── co@4.6.0
75 silly idealTree ├── code-point-at@1.1.0
75 silly idealTree ├── combined-stream@1.0.5
75 silly idealTree ├── concat-map@0.0.1
75 silly idealTree ├── console-control-strings@1.1.0
75 silly idealTree ├── core-util-is@1.0.2
75 silly idealTree ├─┬ cryptiles@3.1.2
75 silly idealTree │ └── boom@5.2.0
75 silly idealTree ├── crypto-browserify@1.0.9
75 silly idealTree ├── dashdash@1.14.1
75 silly idealTree ├── delayed-stream@1.0.0
75 silly idealTree ├── delegates@1.0.0
75 silly idealTree ├── ecc-jsbn@0.1.1
75 silly idealTree ├── events@1.1.1
75 silly idealTree ├── extend@3.0.1
75 silly idealTree ├── extsprintf@1.3.0
75 silly idealTree ├── fast-deep-equal@1.0.0
75 silly idealTree ├── feedparser-promised@1.4.2
75 silly idealTree ├── feedparser@2.2.1
75 silly idealTree ├── forever-agent@0.6.1
75 silly idealTree ├── form-data@2.3.1
75 silly idealTree ├── fs.realpath@1.0.0
75 silly idealTree ├── fstream@1.0.11
75 silly idealTree ├── gauge@2.7.4
75 silly idealTree ├── getpass@0.1.7
75 silly idealTree ├── glob@7.1.2
75 silly idealTree ├── graceful-fs@4.1.11
75 silly idealTree ├── har-schema@2.0.0
75 silly idealTree ├── har-validator@5.0.3
75 silly idealTree ├── has-unicode@2.0.1
75 silly idealTree ├── hawk@6.0.2
75 silly idealTree ├── hoek@4.2.0
75 silly idealTree ├── http-signature@1.2.0
75 silly idealTree ├── i18next-sprintf-postprocessor@0.2.2
75 silly idealTree ├── i18next@3.5.2
75 silly idealTree ├── iconv@2.3.0
75 silly idealTree ├── ieee754@1.1.8
75 silly idealTree ├── inflight@1.0.6
75 silly idealTree ├── inherits@2.0.3
75 silly idealTree ├── is-fullwidth-code-point@1.0.0
75 silly idealTree ├── is-typedarray@1.0.0
75 silly idealTree ├── isarray@1.0.0
75 silly idealTree ├── isexe@2.0.0
75 silly idealTree ├── isstream@0.1.2
75 silly idealTree ├── jmespath@0.15.0
75 silly idealTree ├── jsbn@0.1.1
75 silly idealTree ├── json-schema-traverse@0.3.1
75 silly idealTree ├── json-schema@0.2.3
75 silly idealTree ├── json-stable-stringify@1.0.1
75 silly idealTree ├── json-stringify-safe@5.0.1
75 silly idealTree ├── jsonify@0.0.0
75 silly idealTree ├── jsprim@1.4.1
75 silly idealTree ├── lodash.assign@4.2.0
75 silly idealTree ├── lodash.get@4.4.2
75 silly idealTree ├── lodash.has@4.5.2
75 silly idealTree ├── lodash.uniq@4.5.0
75 silly idealTree ├── lodash@4.17.4
75 silly idealTree ├── mime-db@1.30.0
75 silly idealTree ├── mime-types@2.1.17
75 silly idealTree ├── minimatch@3.0.4
75 silly idealTree ├── minimist@0.0.8
75 silly idealTree ├── mkdirp@0.5.1
75 silly idealTree ├── nan@2.7.0
75 silly idealTree ├── node-gyp@3.6.2
75 silly idealTree ├── nopt@3.0.6
75 silly idealTree ├── npmlog@4.1.2
75 silly idealTree ├── number-is-nan@1.0.1
75 silly idealTree ├── oauth-sign@0.8.2
75 silly idealTree ├── object-assign@4.1.1
75 silly idealTree ├── once@1.4.0
75 silly idealTree ├── os-homedir@1.0.2
75 silly idealTree ├── os-tmpdir@1.0.2
75 silly idealTree ├── osenv@0.1.4
75 silly idealTree ├── path-is-absolute@1.0.1
75 silly idealTree ├── performance-now@2.1.0
75 silly idealTree ├── process-nextick-args@1.0.7
75 silly idealTree ├── punycode@1.3.2
75 silly idealTree ├── qs@6.5.1
75 silly idealTree ├── querystring@0.2.0
75 silly idealTree ├── readable-stream@2.3.3
75 silly idealTree ├─┬ request@2.83.0
75 silly idealTree │ └── uuid@3.1.0
75 silly idealTree ├── rimraf@2.6.2
75 silly idealTree ├── safe-buffer@5.1.1
75 silly idealTree ├── sax@1.2.3
75 silly idealTree ├── semver@5.3.0
75 silly idealTree ├── set-blocking@2.0.0
75 silly idealTree ├── signal-exit@3.0.2
75 silly idealTree ├── sntp@2.0.2
75 silly idealTree ├── sshpk@1.13.1
75 silly idealTree ├── string_decoder@1.0.3
75 silly idealTree ├── string-width@1.0.2
75 silly idealTree ├── stringstream@0.0.5
75 silly idealTree ├── strip-ansi@3.0.1
75 silly idealTree ├── tar@2.2.1
75 silly idealTree ├─┬ tough-cookie@2.3.3
75 silly idealTree │ └── punycode@1.4.1
75 silly idealTree ├── tunnel-agent@0.6.0
75 silly idealTree ├── tweetnacl@0.14.5
75 silly idealTree ├── url@0.10.3
75 silly idealTree ├── util-deprecate@1.0.2
75 silly idealTree ├── uuid@3.0.1
75 silly idealTree ├── verror@1.10.0
75 silly idealTree ├── which@1.3.0
75 silly idealTree ├── wide-align@1.1.2
75 silly idealTree ├── wrappy@1.0.2
75 silly idealTree ├── xml2js@0.4.17
75 silly idealTree ├── xmlbuilder@4.2.1
75 silly idealTree └── zlib@1.0.5
76 silly generateActionsToTake Starting
77 silly install generateActionsToTake
78 silly generateActionsToTake Finishing
79 silly diffTrees action count 1
80 silly diffTrees add zlib@1.0.5
81 silly decomposeActions action count 8
82 silly decomposeActions fetch zlib@1.0.5
83 silly decomposeActions extract zlib@1.0.5
84 silly decomposeActions test zlib@1.0.5
85 silly decomposeActions preinstall zlib@1.0.5
86 silly decomposeActions build zlib@1.0.5
87 silly decomposeActions install zlib@1.0.5
88 silly decomposeActions postinstall zlib@1.0.5
89 silly decomposeActions finalize zlib@1.0.5
90 silly runTopLevelLifecycles Starting
91 silly executeActions Starting
92 silly install executeActions
93 silly doSerial global-install 0
94 silly doParallel fetch 1
95 verbose correctMkdir /home/frybin/.npm/_locks correctMkdir not in flight; initializing
96 verbose lock using /home/frybin/.npm/_locks/staging-054d8499d106ef8f.lock for /home/frybin/Documents/Alexa Skill/functions/reader/node_modules/.staging
97 silly doParallel extract 1
98 silly extract zlib@1.0.5
99 verbose unbuild node_modules/.staging/zlib-361f583b
100 silly gentlyRm /home/frybin/Documents/Alexa Skill/functions/reader/node_modules/.staging/zlib-361f583b is being purged from base /home/frybin/Documents/Alexa Skill/functions/reader
101 verbose gentlyRm don't care about contents; nuking /home/frybin/Documents/Alexa Skill/functions/reader/node_modules/.staging/zlib-361f583b
102 verbose tar unpack /home/frybin/.npm/zlib/1.0.5/package.tgz
103 verbose tar unpacking to /home/frybin/Documents/Alexa Skill/functions/reader/node_modules/.staging/zlib-361f583b
104 silly gentlyRm /home/frybin/Documents/Alexa Skill/functions/reader/node_modules/.staging/zlib-361f583b is being purged
105 verbose gentlyRm don't care about contents; nuking /home/frybin/Documents/Alexa Skill/functions/reader/node_modules/.staging/zlib-361f583b
106 silly gunzTarPerm modes [ '775', '664' ]
107 silly gunzTarPerm extractEntry .gitignore
108 silly gunzTarPerm modified mode [ '.gitignore', 420, 436 ]
109 silly gunzTarPerm extractEntry configure
110 silly gunzTarPerm modified mode [ 'configure', 493, 509 ]
111 silly gunzTarPerm extractEntry index.js
112 silly gunzTarPerm modified mode [ 'index.js', 420, 436 ]
113 silly gunzTarPerm extractEntry LICENSE
114 silly gunzTarPerm modified mode [ 'LICENSE', 420, 436 ]
115 silly gunzTarPerm extractEntry Makefile
116 silly gunzTarPerm modified mode [ 'Makefile', 420, 436 ]
117 silly gunzTarPerm extractEntry package.json
118 silly gunzTarPerm modified mode [ 'package.json', 420, 436 ]
119 silly gunzTarPerm extractEntry README.md
120 silly gunzTarPerm modified mode [ 'README.md', 420, 436 ]
121 silly gunzTarPerm extractEntry wscript
122 silly gunzTarPerm modified mode [ 'wscript', 420, 436 ]
123 silly gunzTarPerm extractEntry lib/zlib.js
124 silly gunzTarPerm modified mode [ 'lib/zlib.js', 420, 436 ]
125 silly gunzTarPerm extractEntry src/node-zlib.cc
126 silly gunzTarPerm modified mode [ 'src/node-zlib.cc', 420, 436 ]
127 silly gunzTarPerm extractEntry test/deflate.test.js
128 silly gunzTarPerm modified mode [ 'test/deflate.test.js', 420, 436 ]
129 silly gunzTarPerm extractEntry test/inflate.test.js
130 silly gunzTarPerm modified mode [ 'test/inflate.test.js', 420, 436 ]
131 silly gentlyRm /home/frybin/Documents/Alexa Skill/functions/reader/node_modules/.staging/zlib-361f583b/node_modules is being purged
132 verbose gentlyRm don't care about contents; nuking /home/frybin/Documents/Alexa Skill/functions/reader/node_modules/.staging/zlib-361f583b/node_modules
133 silly doParallel preinstall 1
134 silly preinstall zlib@1.0.5 /home/frybin/Documents/Alexa Skill/functions/reader/node_modules/.staging/zlib-361f583b
135 info lifecycle zlib@1.0.5~preinstall: zlib@1.0.5
136 verbose lifecycle zlib@1.0.5~preinstall: unsafe-perm in lifecycle true
137 verbose lifecycle zlib@1.0.5~preinstall: PATH: /usr/lib/node_modules/npm/bin/node-gyp-bin:/home/frybin/Documents/Alexa Skill/functions/reader/node_modules/.staging/zlib-361f583b/node_modules/.bin:/home/frybin/Documents/Alexa Skill/functions/reader/node_modules/.bin:/usr/lib64/qt-3.3/bin:/usr/local/bin:/usr/local/sbin:/usr/bin:/usr/sbin:/home/frybin/.local/bin:/home/frybin/bin
138 verbose lifecycle zlib@1.0.5~preinstall: CWD: /home/frybin/Documents/Alexa Skill/functions/reader/node_modules/.staging/zlib-361f583b
139 silly lifecycle zlib@1.0.5~preinstall: Args: [ '-c', 'node-waf clean || true; node-waf configure build' ]
140 info lifecycle zlib@1.0.5~preinstall: Failed to exec preinstall script
141 verbose unlock done using /home/frybin/.npm/_locks/staging-054d8499d106ef8f.lock for /home/frybin/Documents/Alexa Skill/functions/reader/node_modules/.staging
142 silly rollbackFailedOptional Starting
143 silly rollbackFailedOptional Finishing
144 silly runTopLevelLifecycles Finishing
145 silly install printInstalled
146 warn reader@0.0.1 No repository field.
147 verbose If you need help, you may report this error at:
147 verbose     <https://github.com/npm/npm/issues>
148 verbose stack Error: zlib@1.0.5 preinstall: `node-waf clean || true; node-waf configure build`
148 verbose stack spawn ENOENT
148 verbose stack     at ChildProcess.<anonymous> (/usr/lib/node_modules/npm/lib/utils/spawn.js:33:16)
148 verbose stack     at emitTwo (events.js:106:13)
148 verbose stack     at ChildProcess.emit (events.js:191:7)
148 verbose stack     at maybeClose (internal/child_process.js:920:16)
148 verbose stack     at Process.ChildProcess._handle.onexit (internal/child_process.js:230:5)
149 verbose pkgid zlib@1.0.5
150 verbose cwd /home/frybin/Documents/Alexa Skill/functions/reader
151 error Linux 4.12.14-300.fc26.x86_64
152 error argv "/usr/bin/node" "/usr/bin/npm" "install" "zlib"
153 error node v6.11.3
154 error npm  v3.10.10
155 error file sh
156 error code ELIFECYCLE
157 error errno ENOENT
158 error syscall spawn
159 error zlib@1.0.5 preinstall: `node-waf clean || true; node-waf configure build`
159 error spawn ENOENT
160 error Failed at the zlib@1.0.5 preinstall script 'node-waf clean || true; node-waf configure build'.
160 error Make sure you have the latest version of node.js and npm installed.
160 error If you do, this is most likely a problem with the zlib package,
160 error not with npm itself.
160 error Tell the author that this fails on your system:
160 error     node-waf clean || true; node-waf configure build
160 error You can get information on how to open an issue for this project with:
160 error     npm bugs zlib
160 error Or if that isn't available, you can get their info via:
160 error     npm owner ls zlib
160 error There is likely additional logging output above.
161 verbose exit [ 1, true ]
